<?xml version="1.0" encoding="utf-8"?><testsuites name="pytest tests"><testsuite name="pytest" errors="0" failures="0" skipped="0" tests="38" time="8.428" timestamp="2026-06-12T02:56:49.225274+00:00" hostname="agent-env-a52808e7-3284-41b6-9e8c-d82207bde168"><testcase classname="backend.tests.test_api" name="test_root" time="0.134" /><testcase classname="backend.tests.test_api" name="test_admin_login_returns_token_and_role" time="0.321" /><testcase classname="backend.tests.test_api" name="test_auth_me_bearer" time="0.097" /><testcase classname="backend.tests.test_api" name="test_auth_me_unauthorized" time="0.111" /><testcase classname="backend.tests.test_api" name="test_login_invalid" time="0.323" /><testcase classname="backend.tests.test_api" name="test_register_duplicate" time="0.420" /><testcase classname="backend.tests.test_api" name="test_new_user_is_not_admin" time="0.117" /><testcase classname="backend.tests.test_api" name="test_non_admin_blocked_from_admin_users" time="0.102" /><testcase classname="backend.tests.test_api" name="test_admin_can_list_users" time="0.098" /><testcase classname="backend.tests.test_api" name="test_party_update" time="0.300" /><testcase classname="backend.tests.test_api" name="test_entry_invalid_type" time="0.104" /><testcase classname="backend.tests.test_api" name="test_user_cannot_edit_admin_entry" time="0.300" /><testcase classname="backend.tests.test_api" name="test_user_cannot_delete_admin_entry" time="0.099" /><testcase classname="backend.tests.test_api" name="test_user_can_create_entry_and_admin_can_edit" time="0.203" /><testcase classname="backend.tests.test_api" name="test_daily_report" time="0.097" /><testcase classname="backend.tests.test_api" name="test_party_report_running_balance" time="0.110" /><testcase classname="backend.tests.test_api" name="test_party_balances" time="0.097" /><testcase classname="backend.tests.test_api" name="test_export_xlsx" time="0.105" /><testcase classname="backend.tests.test_api" name="test_delete_party_blocked_when_entries_linked" time="0.091" /><testcase classname="backend.tests.test_api" name="test_non_admin_cannot_delete_party" time="0.101" /><testcase classname="backend.tests.test_api" name="test_admin_can_toggle_user" time="0.203" /><testcase classname="backend.tests.test_api" name="test_backup_entries_csv" time="0.091" /><testcase classname="backend.tests.test_api" name="test_backup_parties_csv" time="0.104" /><testcase classname="backend.tests.test_api" name="test_backup_entries_csv_user_allowed" time="0.097" /><testcase classname="backend.tests.test_api" name="test_backup_entries_csv_unauth" time="0.104" /><testcase classname="backend.tests.test_api" name="test_restore_parties_csv_non_admin_forbidden" time="0.114" /><testcase classname="backend.tests.test_api" name="test_restore_parties_csv_admin" time="0.501" /><testcase classname="backend.tests.test_api" name="test_restore_entries_csv_non_admin_forbidden" time="0.104" /><testcase classname="backend.tests.test_api" name="test_restore_entries_csv_admin_with_errors" time="0.632" /><testcase classname="backend.tests.test_api" name="test_closings_list_authenticated" time="0.100" /><testcase classname="backend.tests.test_api" name="test_closings_list_unauth" time="0.137" /><testcase classname="backend.tests.test_api" name="test_closings_preview_opening_date_next_month" time="0.200" /><testcase classname="backend.tests.test_api" name="test_closings_preview_invalid_period" time="0.105" /><testcase classname="backend.tests.test_api" name="test_closings_run_invalid_period" time="0.090" /><testcase classname="backend.tests.test_api" name="test_closings_run_non_admin_forbidden" time="0.097" /><testcase classname="backend.tests.test_api" name="test_closings_run_and_undo_safe_period" time="0.789" /><testcase classname="backend.tests.test_api" name="test_closings_run_creates_opening_entries_with_flag" time="1.099" /><testcase classname="backend.tests.test_api" name="test_cleanup" time="0.404" /></testsuite></testsuites>