<?xml version="1.0" encoding="utf-8"?><testsuites name="pytest tests"><testsuite name="pytest" errors="0" failures="0" skipped="0" tests="30" time="6.152" timestamp="2026-06-12T02:29:02.810539+00:00" hostname="agent-env-a52808e7-3284-41b6-9e8c-d82207bde168"><testcase classname="backend.tests.test_api" name="test_root" time="0.245" /><testcase classname="backend.tests.test_api" name="test_admin_login_returns_token_and_role" time="0.318" /><testcase classname="backend.tests.test_api" name="test_auth_me_bearer" time="0.109" /><testcase classname="backend.tests.test_api" name="test_auth_me_unauthorized" time="0.113" /><testcase classname="backend.tests.test_api" name="test_login_invalid" time="0.376" /><testcase classname="backend.tests.test_api" name="test_register_duplicate" time="0.417" /><testcase classname="backend.tests.test_api" name="test_new_user_is_not_admin" time="0.139" /><testcase classname="backend.tests.test_api" name="test_non_admin_blocked_from_admin_users" time="0.106" /><testcase classname="backend.tests.test_api" name="test_admin_can_list_users" time="0.091" /><testcase classname="backend.tests.test_api" name="test_party_update" time="0.337" /><testcase classname="backend.tests.test_api" name="test_entry_invalid_type" time="0.093" /><testcase classname="backend.tests.test_api" name="test_user_cannot_edit_admin_entry" time="0.312" /><testcase classname="backend.tests.test_api" name="test_user_cannot_delete_admin_entry" time="0.105" /><testcase classname="backend.tests.test_api" name="test_user_can_create_entry_and_admin_can_edit" time="0.195" /><testcase classname="backend.tests.test_api" name="test_daily_report" time="0.099" /><testcase classname="backend.tests.test_api" name="test_party_report_running_balance" time="0.101" /><testcase classname="backend.tests.test_api" name="test_party_balances" time="0.120" /><testcase classname="backend.tests.test_api" name="test_export_xlsx" time="0.114" /><testcase classname="backend.tests.test_api" name="test_delete_party_blocked_when_entries_linked" time="0.103" /><testcase classname="backend.tests.test_api" name="test_non_admin_cannot_delete_party" time="0.108" /><testcase classname="backend.tests.test_api" name="test_admin_can_toggle_user" time="0.211" /><testcase classname="backend.tests.test_api" name="test_backup_entries_csv" time="0.087" /><testcase classname="backend.tests.test_api" name="test_backup_parties_csv" time="0.092" /><testcase classname="backend.tests.test_api" name="test_backup_entries_csv_user_allowed" time="0.115" /><testcase classname="backend.tests.test_api" name="test_backup_entries_csv_unauth" time="0.091" /><testcase classname="backend.tests.test_api" name="test_restore_parties_csv_non_admin_forbidden" time="0.091" /><testcase classname="backend.tests.test_api" name="test_restore_parties_csv_admin" time="0.496" /><testcase classname="backend.tests.test_api" name="test_restore_entries_csv_non_admin_forbidden" time="0.096" /><testcase classname="backend.tests.test_api" name="test_restore_entries_csv_admin_with_errors" time="0.619" /><testcase classname="backend.tests.test_api" name="test_cleanup" time="0.404" /></testsuite></testsuites>